2025-03-11 10:33:49 [INFO] test_twitch: Initial Test
2025-03-11 10:33:49 [INFO] WDM: ====== WebDriver manager ======
2025-03-11 10:33:49 [INFO] WDM: Get LATEST chromedriver version for google-chrome
2025-03-11 10:33:49 [INFO] WDM: Get LATEST chromedriver version for google-chrome
2025-03-11 10:33:49 [INFO] WDM: There is no [linux64] chromedriver "134.0.6998.88" for browser google-chrome "134.0.6998" in cache
2025-03-11 10:33:49 [INFO] WDM: Get LATEST chromedriver version for google-chrome
2025-03-11 10:33:49 [INFO] WDM: WebDriver version 134.0.6998.88 selected
2025-03-11 10:33:49 [INFO] WDM: Modern chrome version https://storage.googleapis.com/chrome-for-testing-public/134.0.6998.88/linux64/chromedriver-linux64.zip
2025-03-11 10:33:49 [INFO] WDM: About to download new driver from https://storage.googleapis.com/chrome-for-testing-public/134.0.6998.88/linux64/chromedriver-linux64.zip
2025-03-11 10:33:50 [INFO] WDM: Driver downloading response is 200
2025-03-11 10:33:50 [INFO] WDM: Get LATEST chromedriver version for google-chrome
2025-03-11 10:33:50 [INFO] WDM: Driver has been saved in cache [/home/runner/.wdm/drivers/chromedriver/linux64/134.0.6998.88]
2025-03-11 10:33:50 [INFO] test_twitch: generate TwitchPage
2025-03-11 10:33:50 [INFO] test_twitch: ----starting test_go_to_twitch execution----
2025-03-11 10:33:53 [INFO] test_twitch: Successfully get https://m.twitch.tv
2025-03-11 10:33:53 [INFO] test_twitch: ----end test_go_to_twitch execution----
2025-03-11 10:33:53 [INFO] test_twitch: ----starting test_click_search_icon execution----
2025-03-11 10:33:53 [INFO] test_twitch: ----end test_click_search_icon execution----
2025-03-11 10:33:53 [INFO] test_twitch: ----starting test_input_message_in_search_bar execution----
2025-03-11 10:33:53 [INFO] test_twitch: ----end test_input_message_in_search_bar execution----
2025-03-11 10:33:53 [INFO] test_twitch: ----starting test_scroll_down_2_times execution----
2025-03-11 10:33:55 [INFO] test_twitch: ----end test_scroll_down_2_times execution----
2025-03-11 10:33:55 [INFO] test_twitch: ----starting test_select_one_streamer execution----
2025-03-11 10:34:05 [INFO] test_twitch: No modal show
2025-03-11 10:34:06 [INFO] test_twitch: ----end test_select_one_streamer execution----
2025-03-11 10:34:06 [INFO] test_twitch: ----starting test_check_and_take_photo_the_streamer_page execution----
2025-03-11 10:34:06 [INFO] test_twitch: Current url : https://m.twitch.tv/esl_sc2
2025-03-11 10:34:07 [INFO] test_twitch: The video is playing (or ready to play).
2025-03-11 10:34:08 [INFO] test_twitch: ----end test_check_and_take_photo_the_streamer_page execution----
2025-03-11 10:34:18 [INFO] test_twitch: End Test
