2025-03-12 07:20:34 [INFO] test_twitch: Initial Test
2025-03-12 07:20:34 [INFO] WDM: ====== WebDriver manager ======
2025-03-12 07:20:35 [INFO] WDM: Get LATEST chromedriver version for google-chrome
2025-03-12 07:20:35 [INFO] WDM: Get LATEST chromedriver version for google-chrome
2025-03-12 07:20:35 [INFO] WDM: There is no [linux64] chromedriver "134.0.6998.88" for browser google-chrome "134.0.6998" in cache
2025-03-12 07:20:35 [INFO] WDM: Get LATEST chromedriver version for google-chrome
2025-03-12 07:20:35 [INFO] WDM: WebDriver version 134.0.6998.88 selected
2025-03-12 07:20:35 [INFO] WDM: Modern chrome version https://storage.googleapis.com/chrome-for-testing-public/134.0.6998.88/linux64/chromedriver-linux64.zip
2025-03-12 07:20:35 [INFO] WDM: About to download new driver from https://storage.googleapis.com/chrome-for-testing-public/134.0.6998.88/linux64/chromedriver-linux64.zip
2025-03-12 07:20:35 [INFO] WDM: Driver downloading response is 200
2025-03-12 07:20:35 [INFO] WDM: Get LATEST chromedriver version for google-chrome
2025-03-12 07:20:35 [INFO] WDM: Driver has been saved in cache [/home/runner/.wdm/drivers/chromedriver/linux64/134.0.6998.88]
2025-03-12 07:20:36 [INFO] test_twitch: generate TwitchPage
2025-03-12 07:20:36 [INFO] test_twitch: ----starting test_go_to_twitch execution----
2025-03-12 07:20:38 [INFO] test_twitch: Successfully get https://m.twitch.tv
2025-03-12 07:20:38 [INFO] test_twitch: ----end test_go_to_twitch execution----
2025-03-12 07:20:38 [INFO] test_twitch: ----starting test_click_search_icon execution----
2025-03-12 07:20:39 [INFO] test_twitch: ----end test_click_search_icon execution----
2025-03-12 07:20:39 [INFO] test_twitch: ----starting test_input_message_in_search_bar execution----
2025-03-12 07:20:49 [INFO] test_twitch: ----end test_input_message_in_search_bar execution----
2025-03-12 07:20:49 [INFO] test_twitch: ----starting test_scroll_down_2_times execution----
2025-03-12 07:20:51 [INFO] test_twitch: ----end test_scroll_down_2_times execution----
2025-03-12 07:20:51 [INFO] test_twitch: ----starting test_select_one_streamer execution----
2025-03-12 07:21:02 [INFO] test_twitch: No modal show
2025-03-12 07:21:03 [INFO] test_twitch: ----end test_select_one_streamer execution----
2025-03-12 07:21:03 [INFO] test_twitch: ----starting test_check_and_take_photo_the_streamer_page execution----
2025-03-12 07:21:03 [INFO] test_twitch: Current url : https://m.twitch.tv/
2025-03-12 07:21:13 [INFO] test_twitch: ----end test_check_and_take_photo_the_streamer_page execution----
2025-03-12 07:21:23 [INFO] test_twitch: End Test
