2025-03-12 07:53:46 [INFO] test_twitch: Initial Test
2025-03-12 07:53:46 [INFO] WDM: ====== WebDriver manager ======
2025-03-12 07:53:47 [INFO] WDM: Get LATEST chromedriver version for google-chrome
2025-03-12 07:53:47 [INFO] WDM: Get LATEST chromedriver version for google-chrome
2025-03-12 07:53:47 [INFO] WDM: There is no [linux64] chromedriver "133.0.6943.141" for browser google-chrome "133.0.6943" in cache
2025-03-12 07:53:47 [INFO] WDM: Get LATEST chromedriver version for google-chrome
2025-03-12 07:53:47 [INFO] WDM: WebDriver version 133.0.6943.141 selected
2025-03-12 07:53:47 [INFO] WDM: Modern chrome version https://storage.googleapis.com/chrome-for-testing-public/133.0.6943.141/linux64/chromedriver-linux64.zip
2025-03-12 07:53:47 [INFO] WDM: About to download new driver from https://storage.googleapis.com/chrome-for-testing-public/133.0.6943.141/linux64/chromedriver-linux64.zip
2025-03-12 07:53:47 [INFO] WDM: Driver downloading response is 200
2025-03-12 07:53:47 [INFO] WDM: Get LATEST chromedriver version for google-chrome
2025-03-12 07:53:47 [INFO] WDM: Driver has been saved in cache [/home/runner/.wdm/drivers/chromedriver/linux64/133.0.6943.141]
2025-03-12 07:53:48 [INFO] test_twitch: generate TwitchPage
2025-03-12 07:53:48 [INFO] test_twitch: ----starting test_1_go_to_twitch execution----
2025-03-12 07:53:51 [INFO] test_twitch: Successfully get https://m.twitch.tv
2025-03-12 07:53:51 [INFO] test_twitch: ----end test_1_go_to_twitch execution----
2025-03-12 07:53:51 [INFO] test_twitch: ----starting test_2_click_search_icon execution----
2025-03-12 07:53:51 [INFO] test_twitch: ----end test_2_click_search_icon execution----
2025-03-12 07:53:51 [INFO] test_twitch: ----starting test_3_input_message_in_search_bar execution----
2025-03-12 07:53:52 [INFO] test_twitch: ----end test_3_input_message_in_search_bar execution----
2025-03-12 07:53:52 [INFO] test_twitch: ----starting test_4_scroll_down_2_times execution----
2025-03-12 07:53:54 [INFO] test_twitch: ----end test_4_scroll_down_2_times execution----
2025-03-12 07:53:54 [INFO] test_twitch: ----starting test_5_select_one_streamer execution----
2025-03-12 07:54:04 [INFO] test_twitch: No modal show
2025-03-12 07:54:04 [INFO] test_twitch: ----end test_5_select_one_streamer execution----
2025-03-12 07:54:04 [INFO] test_twitch: ----starting test_6_check_and_take_photo_the_streamer_page execution----
2025-03-12 07:54:04 [INFO] test_twitch: Current url : https://m.twitch.tv/esl_sc2
2025-03-12 07:54:06 [INFO] test_twitch: The video is playing (or ready to play).
2025-03-12 07:54:06 [INFO] test_twitch: ----end test_6_check_and_take_photo_the_streamer_page execution----
2025-03-12 07:54:16 [INFO] test_twitch: End Test
